<?xml version="1.0" encoding="UTF-8"?>
<!-- Generated by org.testng.reporters.JUnitReportReporter -->
<testsuite skipped="0" hostname="CAAENczzYAgF5YY" name="sampleTest.testHome" tests="1" failures="0" timestamp="22 Apr 2025 09:21:39 GMT" time="1.650" errors="0">
  <testcase name="testAutomation" time="1.650" classname="sampleTest.testHome"/>
</testsuite> <!-- sampleTest.testHome -->
